0 info it worked if it ends with ok
1 verbose cli [ '/usr/bin/node', '/usr/bin/npm', 'run', 'make:dir' ]
2 info using npm@3.5.2
3 info using node@v8.10.0
4 verbose run-script [ 'premake:dir', 'make:dir', 'postmake:dir' ]
5 info lifecycle sass-boilerplate-adv@1.0.0~premake:dir: sass-boilerplate-adv@1.0.0
6 silly lifecycle sass-boilerplate-adv@1.0.0~premake:dir: no script for premake:dir, continuing
7 info lifecycle sass-boilerplate-adv@1.0.0~make:dir: sass-boilerplate-adv@1.0.0
8 verbose lifecycle sass-boilerplate-adv@1.0.0~make:dir: unsafe-perm in lifecycle true
9 verbose lifecycle sass-boilerplate-adv@1.0.0~make:dir: PATH: /usr/share/npm/bin/node-gyp-bin:/mnt/c/Users/midnight_gamer/Desktop/sass-boilerplate/node_modules/.bin:/usr/local/sbin:/usr/local/bin:/usr/sbin:/usr/bin:/sbin:/bin:/usr/games:/usr/local/games:/mnt/c/Users/midnight_gamer/Desktop/sass-boilerplate/node_modules/.bin:/mnt/c/Python27:/mnt/c/Python27/Scripts:/mnt/c/Windows/System32:/mnt/c/Windows:/mnt/c/Windows/System32/wbem:/mnt/c/Windows/System32/WindowsPowerShell/v1.0:/mnt/c/Windows/System32/OpenSSH:/mnt/c/Program Files/Git/cmd:/mnt/c/ProgramData/chocolatey/bin:/mnt/c/Users/midnight_gamer/AppData/Local/Microsoft/WindowsApps:/snap/bin:/sbin/
10 verbose lifecycle sass-boilerplate-adv@1.0.0~make:dir: CWD: /mnt/c/Users/midnight_gamer/Desktop/sass-boilerplate
11 silly lifecycle sass-boilerplate-adv@1.0.0~make:dir: Args: [ '-c', 'node scripts/start.js' ]
12 silly lifecycle sass-boilerplate-adv@1.0.0~make:dir: Returned: code: 1  signal: null
13 info lifecycle sass-boilerplate-adv@1.0.0~make:dir: Failed to exec make:dir script
14 verbose stack Error: sass-boilerplate-adv@1.0.0 make:dir: `node scripts/start.js`
14 verbose stack Exit status 1
14 verbose stack     at EventEmitter.<anonymous> (/usr/share/npm/lib/utils/lifecycle.js:232:16)
14 verbose stack     at emitTwo (events.js:126:13)
14 verbose stack     at EventEmitter.emit (events.js:214:7)
14 verbose stack     at ChildProcess.<anonymous> (/usr/share/npm/lib/utils/spawn.js:24:14)
14 verbose stack     at emitTwo (events.js:126:13)
14 verbose stack     at ChildProcess.emit (events.js:214:7)
14 verbose stack     at maybeClose (internal/child_process.js:925:16)
14 verbose stack     at Process.ChildProcess._handle.onexit (internal/child_process.js:209:5)
15 verbose pkgid sass-boilerplate-adv@1.0.0
16 verbose cwd /mnt/c/Users/midnight_gamer/Desktop/sass-boilerplate
17 error Linux 4.4.0-17763-Microsoft
18 error argv "/usr/bin/node" "/usr/bin/npm" "run" "make:dir"
19 error node v8.10.0
20 error npm  v3.5.2
21 error code ELIFECYCLE
22 error sass-boilerplate-adv@1.0.0 make:dir: `node scripts/start.js`
22 error Exit status 1
23 error Failed at the sass-boilerplate-adv@1.0.0 make:dir script 'node scripts/start.js'.
23 error Make sure you have the latest version of node.js and npm installed.
23 error If you do, this is most likely a problem with the sass-boilerplate-adv package,
23 error not with npm itself.
23 error Tell the author that this fails on your system:
23 error     node scripts/start.js
23 error You can get information on how to open an issue for this project with:
23 error     npm bugs sass-boilerplate-adv
23 error Or if that isn't available, you can get their info via:
23 error     npm owner ls sass-boilerplate-adv
23 error There is likely additional logging output above.
24 verbose exit [ 1, true ]
